<?xml version="1.0" encoding="UTF-8" ?>
<testsuite tests="5" failures="2" name="TestSuite" time="32.143" errors="0" skipped="3">
  <properties>
[...]
</properties>
  <testcase classname="automationFramework.TestCases.SearchCustomerTest" name="searchCustomer" time="10.035">
    <failure message="Error communicating with the remote browser. It may have died.
Build info: version: &apos;2.45.0&apos;, revision: &apos;5017cb8e7ca8e37638dc3091b2440b90a1d8686f&apos;, time: &apos;2015-02-27 09:10:26&apos;
System info: host: &apos;NACTS-081729&apos;, ip: &apos;149.63.5.214&apos;, os.name: &apos;Windows 7&apos;, os.arch: &apos;amd64&apos;, os.version: &apos;6.1&apos;, java.version: &apos;1.8.0_77&apos;
Driver info: driver.version: RemoteWebDriver" type="org.openqa.selenium.remote.UnreachableBrowserException">org.openqa.selenium.remote.UnreachableBrowserException: Error communicating with the remote browser. It may have died.
Build info: version: &apos;2.45.0&apos;, revision: &apos;5017cb8e7ca8e37638dc3091b2440b90a1d8686f&apos;, time: &apos;2015-02-27 09:10:26&apos;
System info: host: &apos;NACTS-081729&apos;, ip: &apos;149.63.5.214&apos;, os.name: &apos;Windows 7&apos;, os.arch: &apos;amd64&apos;, os.version: &apos;6.1&apos;, java.version: &apos;1.8.0_77&apos;
Driver info: driver.version: RemoteWebDriver
	at org.openqa.selenium.remote.RemoteWebDriver.execute(RemoteWebDriver.java:593)
	at org.openqa.selenium.remote.RemoteWebDriver.findElement(RemoteWebDriver.java:352)
	at org.openqa.selenium.remote.RemoteWebDriver.findElementByXPath(RemoteWebDriver.java:449)
	at org.openqa.selenium.By$ByXPath.findElement(By.java:357)
	at org.openqa.selenium.remote.RemoteWebDriver.findElement(RemoteWebDriver.java:344)
	at automationFramework.PageObjects.SignInPage.enterUsername(SignInPage.java:35)
	at automationFramework.TestCases.SearchCustomerTest.searchCustomer(SearchCustomerTest.java:48)
Caused by: org.apache.http.conn.HttpHostConnectException: Connect to 127.0.0.1:7055 [/127.0.0.1] failed: Connection refused: connect
	at org.apache.http.impl.conn.HttpClientConnectionOperator.connect(HttpClientConnectionOperator.java:142)
	at org.apache.http.impl.conn.PoolingHttpClientConnectionManager.connect(PoolingHttpClientConnectionManager.java:319)
	at org.apache.http.impl.execchain.MainClientExec.establishRoute(MainClientExec.java:363)
	at org.apache.http.impl.execchain.MainClientExec.execute(MainClientExec.java:219)
	at org.apache.http.impl.execchain.ProtocolExec.execute(ProtocolExec.java:195)
	at org.apache.http.impl.execchain.RetryExec.execute(RetryExec.java:86)
	at org.apache.http.impl.execchain.RedirectExec.execute(RedirectExec.java:108)
	at org.apache.http.impl.client.InternalHttpClient.doExecute(InternalHttpClient.java:184)
	at org.apache.http.impl.client.CloseableHttpClient.execute(CloseableHttpClient.java:72)
	at org.apache.http.impl.client.CloseableHttpClient.execute(CloseableHttpClient.java:57)
	at org.openqa.selenium.remote.internal.ApacheHttpClient.fallBackExecute(ApacheHttpClient.java:144)
	at org.openqa.selenium.remote.internal.ApacheHttpClient.execute(ApacheHttpClient.java:72)
	at org.openqa.selenium.remote.HttpCommandExecutor.execute(HttpCommandExecutor.java:133)
	at org.openqa.selenium.firefox.internal.NewProfileExtensionConnection.execute(NewProfileExtensionConnection.java:165)
	at org.openqa.selenium.firefox.FirefoxDriver$LazyCommandExecutor.execute(FirefoxDriver.java:362)
	at org.openqa.selenium.remote.RemoteWebDriver.execute(RemoteWebDriver.java:572)
	... 39 more
Caused by: java.net.ConnectException: Connection refused: connect
	at java.net.DualStackPlainSocketImpl.waitForConnect(Native Method)
	at java.net.DualStackPlainSocketImpl.socketConnect(Unknown Source)
	at java.net.AbstractPlainSocketImpl.doConnect(Unknown Source)
	at java.net.AbstractPlainSocketImpl.connectToAddress(Unknown Source)
	at java.net.AbstractPlainSocketImpl.connect(Unknown Source)
	at java.net.PlainSocketImpl.connect(Unknown Source)
	at java.net.SocksSocketImpl.connect(Unknown Source)
	at java.net.Socket.connect(Unknown Source)
	at org.apache.http.conn.socket.PlainConnectionSocketFactory.connectSocket(PlainConnectionSocketFactory.java:72)
	at org.apache.http.impl.conn.HttpClientConnectionOperator.connect(HttpClientConnectionOperator.java:125)
	... 54 more
</failure>
    <system-out>Time in Milliseconds: 0 
Test Case: automationFramework.TestCases.SearchCustomerTest 
Time Stamp: 2016-06-01 13:38:55,258 
Code Location: automationFramework.TestCases.SearchCustomerTest.setUp(SearchCustomerTest.java:35) 
Log Message: Setup Started 
 
2016-06-01 13:38:55,258 INFO  [Logger] Setup Started 
Time in Milliseconds: 143 
Test Case: automationFramework.TestCases.SearchCustomerTest 
Time Stamp: 2016-06-01 13:38:55,401 
Code Location: automationFramework.TestCases.SearchCustomerTest.setUp(SearchCustomerTest.java:36) 
Log Message: Current OS: Windows 7 Enterprise 
 
2016-06-01 13:38:55,401 INFO  [Logger] Current OS: Windows 7 Enterprise 
Time in Milliseconds: 144 
Test Case: automationFramework.TestCases.SearchCustomerTest 
Time Stamp: 2016-06-01 13:38:55,402 
Code Location: automationFramework.TestCases.SearchCustomerTest.setUp(SearchCustomerTest.java:37) 
Log Message: Current Browser: firefox.exe 
 
2016-06-01 13:38:55,402 INFO  [Logger] Current Browser: firefox.exe 
Time in Milliseconds: 9604 
Test Case: automationFramework.TestCases.SearchCustomerTest 
Time Stamp: 2016-06-01 13:39:04,862 
Code Location: automationFramework.TestCases.SearchCustomerTest.setUp(SearchCustomerTest.java:40) 
Log Message: Setup Completed 
 
2016-06-01 13:39:04,862 INFO  [Logger] Setup Completed 
</system-out>
  </testcase>
  <testcase classname="automationFramework.TestCases.SearchCustomerTest" name="tearDown" time="11.054">
    <failure message="Error communicating with the remote browser. It may have died.
Build info: version: &apos;2.45.0&apos;, revision: &apos;5017cb8e7ca8e37638dc3091b2440b90a1d8686f&apos;, time: &apos;2015-02-27 09:10:26&apos;
System info: host: &apos;NACTS-081729&apos;, ip: &apos;149.63.5.214&apos;, os.name: &apos;Windows 7&apos;, os.arch: &apos;amd64&apos;, os.version: &apos;6.1&apos;, java.version: &apos;1.8.0_77&apos;
Driver info: driver.version: RemoteWebDriver" type="org.openqa.selenium.remote.UnreachableBrowserException">org.openqa.selenium.remote.UnreachableBrowserException: Error communicating with the remote browser. It may have died.
Build info: version: &apos;2.45.0&apos;, revision: &apos;5017cb8e7ca8e37638dc3091b2440b90a1d8686f&apos;, time: &apos;2015-02-27 09:10:26&apos;
System info: host: &apos;NACTS-081729&apos;, ip: &apos;149.63.5.214&apos;, os.name: &apos;Windows 7&apos;, os.arch: &apos;amd64&apos;, os.version: &apos;6.1&apos;, java.version: &apos;1.8.0_77&apos;
Driver info: driver.version: RemoteWebDriver
	at org.openqa.selenium.remote.RemoteWebDriver.execute(RemoteWebDriver.java:593)
	at org.openqa.selenium.remote.RemoteWebDriver.execute(RemoteWebDriver.java:622)
	at org.openqa.selenium.remote.RemoteWebDriver.close(RemoteWebDriver.java:463)
	at automationFramework.TestCases.SearchCustomerTest.tearDown(SearchCustomerTest.java:96)
Caused by: org.apache.http.conn.HttpHostConnectException: Connect to 127.0.0.1:7055 [/127.0.0.1] failed: Connection refused: connect
	at org.apache.http.impl.conn.HttpClientConnectionOperator.connect(HttpClientConnectionOperator.java:142)
	at org.apache.http.impl.conn.PoolingHttpClientConnectionManager.connect(PoolingHttpClientConnectionManager.java:319)
	at org.apache.http.impl.execchain.MainClientExec.establishRoute(MainClientExec.java:363)
	at org.apache.http.impl.execchain.MainClientExec.execute(MainClientExec.java:219)
	at org.apache.http.impl.execchain.ProtocolExec.execute(ProtocolExec.java:195)
	at org.apache.http.impl.execchain.RetryExec.execute(RetryExec.java:86)
	at org.apache.http.impl.execchain.RedirectExec.execute(RedirectExec.java:108)
	at org.apache.http.impl.client.InternalHttpClient.doExecute(InternalHttpClient.java:184)
	at org.apache.http.impl.client.CloseableHttpClient.execute(CloseableHttpClient.java:72)
	at org.apache.http.impl.client.CloseableHttpClient.execute(CloseableHttpClient.java:57)
	at org.openqa.selenium.remote.internal.ApacheHttpClient.fallBackExecute(ApacheHttpClient.java:126)
	at org.openqa.selenium.remote.internal.ApacheHttpClient.execute(ApacheHttpClient.java:72)
	at org.openqa.selenium.remote.HttpCommandExecutor.execute(HttpCommandExecutor.java:133)
	at org.openqa.selenium.firefox.internal.NewProfileExtensionConnection.execute(NewProfileExtensionConnection.java:165)
	at org.openqa.selenium.firefox.FirefoxDriver$LazyCommandExecutor.execute(FirefoxDriver.java:362)
	at org.openqa.selenium.remote.RemoteWebDriver.execute(RemoteWebDriver.java:572)
	... 38 more
Caused by: java.net.ConnectException: Connection refused: connect
	at java.net.DualStackPlainSocketImpl.waitForConnect(Native Method)
	at java.net.DualStackPlainSocketImpl.socketConnect(Unknown Source)
	at java.net.AbstractPlainSocketImpl.doConnect(Unknown Source)
	at java.net.AbstractPlainSocketImpl.connectToAddress(Unknown Source)
	at java.net.AbstractPlainSocketImpl.connect(Unknown Source)
	at java.net.PlainSocketImpl.connect(Unknown Source)
	at java.net.SocksSocketImpl.connect(Unknown Source)
	at java.net.Socket.connect(Unknown Source)
	at org.apache.http.conn.socket.PlainConnectionSocketFactory.connectSocket(PlainConnectionSocketFactory.java:72)
	at org.apache.http.impl.conn.HttpClientConnectionOperator.connect(HttpClientConnectionOperator.java:125)
	... 53 more
</failure>
    <system-out>Time in Milliseconds: 19634 
Test Case: automationFramework.TestCases.SearchCustomerTest 
Time Stamp: 2016-06-01 13:39:14,892 
Code Location: automationFramework.TestCases.SearchCustomerTest.tearDown(SearchCustomerTest.java:95) 
Log Message: TearDown Complete 
 
2016-06-01 13:39:14,892 INFO  [Logger] TearDown Complete 
</system-out>
  </testcase>
  <testcase classname="automationFramework.TestCases.SearchCustomerTest" name="setUp" time="11.054">
    <skipped/>
  </testcase>
  <testcase classname="automationFramework.TestCases.SearchCustomerTest" name="createNewCustomer" time="0">
    <skipped/>
  </testcase>
  <testcase classname="automationFramework.TestCases.SearchCustomerTest" name="tearDown" time="0">
    <skipped/>
  </testcase>
</testsuite>